<?xml version="1.0" encoding="UTF-8"?>
<testsuite xmlns:xsi="http://www.w3.org/2001/XMLSchema-instance" xsi:noNamespaceSchemaLocation="https://maven.apache.org/surefire/maven-surefire-plugin/xsd/surefire-test-report-3.0.xsd" version="3.0" name="testRun.LoginRun" time="11.086" tests="1" errors="0" skipped="0" failures="0">
  <properties>
[...]
</properties>
  <testcase name="runScenario[&quot;Successfull Login Test with valid credentials&quot;, &quot;Login Functionality&quot;](1)" classname="testRun.LoginRun" time="9.689">
    <system-out><![CDATA[[DEBUG] Resolution chrome=110 in cache (valid until 13:17:55 23/02/2023 IST)
[DEBUG] Resolution chrome110=110.0.5481.77 in cache (valid until 12:17:55 24/02/2023 IST)
[INFO] Using chromedriver 110.0.5481.77 (resolved driver for Chrome 110)
[DEBUG] Driver chromedriver 110.0.5481.77 found in cache
[INFO] Exporting webdriver.chrome.driver as C:\Windows\system32\config\systemprofile\.cache\selenium\chromedriver\win32\110.0.5481.77\chromedriver.exe
[DEBUG] Using SLF4J as the default logging framework
[DEBUG] -Dio.netty.leakDetection.level: simple
[DEBUG] -Dio.netty.leakDetection.targetRecords: 4
[DEBUG] Loaded default ResourceLeakDetector: io.netty.util.ResourceLeakDetector@c1fa7d4
[DEBUG] -Dio.netty.noUnsafe: false
[DEBUG] Java version: 17
[DEBUG] sun.misc.Unsafe.theUnsafe: available
[DEBUG] sun.misc.Unsafe.copyMemory: available
[DEBUG] sun.misc.Unsafe.storeFence: available
[DEBUG] java.nio.Buffer.address: available
[DEBUG] direct buffer constructor: unavailable: Reflective setAccessible(true) disabled
[DEBUG] java.nio.Bits.unaligned: available, true
[DEBUG] jdk.internal.misc.Unsafe.allocateUninitializedArray(int): unavailable: class io.netty.util.internal.PlatformDependent0$7 cannot access class jdk.internal.misc.Unsafe (in module java.base) because module java.base does not export jdk.internal.misc to unnamed module @64bfbc86
[DEBUG] java.nio.DirectByteBuffer.<init>(long, int): unavailable
[DEBUG] sun.misc.Unsafe: available
[DEBUG] maxDirectMemory: 4253024256 bytes (maybe)
[DEBUG] -Dio.netty.tmpdir: C:\Windows\TEMP (java.io.tmpdir)
[DEBUG] -Dio.netty.bitMode: 64 (sun.arch.data.model)
[DEBUG] Platform: Windows
[DEBUG] -Dio.netty.maxDirectMemory: -1 bytes
[DEBUG] -Dio.netty.uninitializedArrayAllocationThreshold: -1
[DEBUG] java.nio.ByteBuffer.cleaner(): available
[DEBUG] -Dio.netty.noPreferDirect: false
[DEBUG] org.jctools-core.MpscChunkedArrayQueue: available
[DEBUG] -Dio.netty.threadLocalMap.stringBuilder.initialSize: 1024
[DEBUG] -Dio.netty.threadLocalMap.stringBuilder.maxSize: 4096
[DEBUG] Default protocols (JDK): [TLSv1.3, TLSv1.2] 
[DEBUG] Default cipher suites (JDK): [TLS_ECDHE_ECDSA_WITH_AES_256_GCM_SHA384, TLS_ECDHE_ECDSA_WITH_AES_128_GCM_SHA256, TLS_ECDHE_RSA_WITH_AES_128_GCM_SHA256, TLS_ECDHE_RSA_WITH_AES_256_GCM_SHA384, TLS_ECDHE_RSA_WITH_AES_128_CBC_SHA, TLS_ECDHE_RSA_WITH_AES_256_CBC_SHA, TLS_RSA_WITH_AES_128_GCM_SHA256, TLS_RSA_WITH_AES_128_CBC_SHA, TLS_RSA_WITH_AES_256_CBC_SHA, TLS_AES_128_GCM_SHA256, TLS_AES_256_GCM_SHA384]
[DEBUG] -Dio.netty.eventLoopThreads: 8
[DEBUG] -Dio.netty.noKeySetOptimization: false
[DEBUG] -Dio.netty.selectorAutoRebuildThreshold: 512
[DEBUG] -Dio.netty.allocator.numHeapArenas: 8
[DEBUG] -Dio.netty.allocator.numDirectArenas: 8
[DEBUG] -Dio.netty.allocator.pageSize: 8192
[DEBUG] -Dio.netty.allocator.maxOrder: 9
[DEBUG] -Dio.netty.allocator.chunkSize: 4194304
[DEBUG] -Dio.netty.allocator.smallCacheSize: 256
[DEBUG] -Dio.netty.allocator.normalCacheSize: 64
[DEBUG] -Dio.netty.allocator.maxCachedBufferCapacity: 32768
[DEBUG] -Dio.netty.allocator.cacheTrimInterval: 8192
[DEBUG] -Dio.netty.allocator.cacheTrimIntervalMillis: 0
[DEBUG] -Dio.netty.allocator.useCacheForAllThreads: false
[DEBUG] -Dio.netty.allocator.maxCachedByteBuffersPerChunk: 1023
[DEBUG] -Dio.netty.allocator.type: pooled
[DEBUG] -Dio.netty.threadLocalDirectBufferSize: 0
[DEBUG] -Dio.netty.maxThreadLocalCharBufferSize: 16384
[DEBUG] -Dio.netty.processId: 24072 (auto-detected)
[DEBUG] -Djava.net.preferIPv4Stack: false
[DEBUG] -Djava.net.preferIPv6Addresses: false
[DEBUG] Loopback interface: lo (Software Loopback Interface 1, 127.0.0.1)
[DEBUG] Failed to get SOMAXCONN from sysctl and file \proc\sys\net\core\somaxconn. Default: 200
[DEBUG] -Dio.netty.machineId: 10:02:b5:ff:fe:1e:67:3e (auto-detected)
[DEBUG] -Dio.netty.buffer.checkAccessible: true
[DEBUG] -Dio.netty.buffer.checkBounds: true
[DEBUG] Loaded default ResourceLeakDetector: io.netty.util.ResourceLeakDetector@24be856b
[DEBUG] Using new Channel '[id: 0x842d5a8b, L:/127.0.0.1:65347 - R:localhost/127.0.0.1:49259]' for 'POST' to '/session'
[DEBUG] -Dio.netty.recycler.maxCapacityPerThread: 4096
[DEBUG] -Dio.netty.recycler.ratio: 8
[DEBUG] -Dio.netty.recycler.chunkSize: 32
[DEBUG] -Dio.netty.recycler.blocking: false
[DEBUG] brotli4j not in the classpath; Brotli support will be unavailable.
[DEBUG] 

Request DefaultHttpRequest(decodeResult: success, version: HTTP/1.1)
POST /session HTTP/1.1
User-Agent: selenium/4.2.1 (java windows)
Content-Length: 365
Content-Type: application/json; charset=utf-8
host: localhost:49259
accept: */*

Response DefaultHttpResponse(decodeResult: success, version: HTTP/1.1)
HTTP/1.1 200 OK
Content-Type: application/json; charset=utf-8
cache-control: no-cache
content-length: 776

[DEBUG] Adding key: http://localhost:49259 for channel [id: 0x842d5a8b, L:/127.0.0.1:65347 - R:localhost/127.0.0.1:49259]
[DEBUG] Using new Channel '[id: 0xa1731681, L:/127.0.0.1:65356 - R:localhost/127.0.0.1:65348]' for 'GET' to '/json/version'
[DEBUG] 

Request DefaultFullHttpRequest(decodeResult: success, version: HTTP/1.1, content: EmptyByteBufBE)
GET /json/version HTTP/1.1
User-Agent: selenium/4.2.1 (java windows)
host: localhost:65348
accept: */*

Response DefaultHttpResponse(decodeResult: success, version: HTTP/1.1)
HTTP/1.1 200 OK
Content-Security-Policy: frame-ancestors 'none'
Content-Type: application/json; charset=UTF-8
content-length: 424

[DEBUG] Adding key: http://localhost:65348 for channel [id: 0xa1731681, L:/127.0.0.1:65356 - R:localhost/127.0.0.1:65348]
[DEBUG] -Dio.netty.initialSeedUniquifier: 0xb6cb789d4f1e6b82
[DEBUG] Using new Channel '[id: 0x2f127b2d, L:/127.0.0.1:65357 - R:localhost/127.0.0.1:65348]' for 'GET' to '/devtools/browser/f84c58fe-d693-4368-a448-f80c5de860bf'
[DEBUG] 

Request DefaultFullHttpRequest(decodeResult: success, version: HTTP/1.1, content: EmptyByteBufBE)
GET /devtools/browser/f84c58fe-d693-4368-a448-f80c5de860bf HTTP/1.1
upgrade: websocket
connection: upgrade
sec-websocket-key: Y2ae+HidiLj0QPibmJXDkw==
sec-websocket-version: 13
origin: http://localhost:65348
host: localhost:65348
accept: */*
user-agent: AHC/2.1

Response DefaultHttpResponse(decodeResult: success, version: HTTP/1.1)
HTTP/1.1 101 WebSocket Protocol Handshake
Upgrade: WebSocket
Connection: Upgrade
Sec-WebSocket-Accept: 1x1c71WdYp3JnaXf38v31Ix1+/0=

[DEBUG] Entry count for : http://localhost:49259 : 1
[DEBUG] Entry count for : http://localhost:65348 : 1
[DEBUG] Using pooled Channel '[id: 0x842d5a8b, L:/127.0.0.1:65347 - R:localhost/127.0.0.1:49259]' for 'POST' to 'http://localhost:49259/session/4b75630d2685d03e35eafc3d8fa04eef/url'
[DEBUG] Using open Channel [id: 0x842d5a8b, L:/127.0.0.1:65347 - R:localhost/127.0.0.1:49259] for POST '/session/4b75630d2685d03e35eafc3d8fa04eef/url'
[DEBUG] Entry count for : http://localhost:65348 : 1
[DEBUG] Entry count for : http://localhost:65348 : 1
[DEBUG] Entry count for : http://localhost:65348 : 1
[DEBUG] Entry count for : http://localhost:65348 : 1
[DEBUG] 

Request DefaultHttpRequest(decodeResult: success, version: HTTP/1.1)
POST /session/4b75630d2685d03e35eafc3d8fa04eef/url HTTP/1.1
User-Agent: selenium/4.2.1 (java windows)
Content-Length: 64
Content-Type: application/json; charset=utf-8
host: localhost:49259
accept: */*

Response DefaultHttpResponse(decodeResult: success, version: HTTP/1.1)
HTTP/1.1 200 OK
Content-Type: application/json; charset=utf-8
cache-control: no-cache
content-length: 14

[DEBUG] Adding key: http://localhost:49259 for channel [id: 0x842d5a8b, L:/127.0.0.1:65347 - R:localhost/127.0.0.1:49259]
[DEBUG] Entry count for : http://localhost:49259 : 1
[DEBUG] Entry count for : http://localhost:65348 : 1
[DEBUG] Using pooled Channel '[id: 0x842d5a8b, L:/127.0.0.1:65347 - R:localhost/127.0.0.1:49259]' for 'POST' to 'http://localhost:49259/session/4b75630d2685d03e35eafc3d8fa04eef/element'
[DEBUG] Using open Channel [id: 0x842d5a8b, L:/127.0.0.1:65347 - R:localhost/127.0.0.1:49259] for POST '/session/4b75630d2685d03e35eafc3d8fa04eef/element'
[DEBUG] 

Request DefaultHttpRequest(decodeResult: success, version: HTTP/1.1)
POST /session/4b75630d2685d03e35eafc3d8fa04eef/element HTTP/1.1
User-Agent: selenium/4.2.1 (java windows)
Content-Length: 59
Content-Type: application/json; charset=utf-8
host: localhost:49259
accept: */*

Response DefaultHttpResponse(decodeResult: success, version: HTTP/1.1)
HTTP/1.1 200 OK
Content-Type: application/json; charset=utf-8
cache-control: no-cache
content-length: 88

[DEBUG] Adding key: http://localhost:49259 for channel [id: 0x842d5a8b, L:/127.0.0.1:65347 - R:localhost/127.0.0.1:49259]
[DEBUG] Using pooled Channel '[id: 0x842d5a8b, L:/127.0.0.1:65347 - R:localhost/127.0.0.1:49259]' for 'POST' to 'http://localhost:49259/session/4b75630d2685d03e35eafc3d8fa04eef/element/7ef558f8-fbf7-4118-9fe8-1e0b08bce0ed/value'
[DEBUG] Using open Channel [id: 0x842d5a8b, L:/127.0.0.1:65347 - R:localhost/127.0.0.1:49259] for POST '/session/4b75630d2685d03e35eafc3d8fa04eef/element/7ef558f8-fbf7-4118-9fe8-1e0b08bce0ed/value'
[DEBUG] 

Request DefaultHttpRequest(decodeResult: success, version: HTTP/1.1)
POST /session/4b75630d2685d03e35eafc3d8fa04eef/element/7ef558f8-fbf7-4118-9fe8-1e0b08bce0ed/value HTTP/1.1
User-Agent: selenium/4.2.1 (java windows)
Content-Length: 301
Content-Type: application/json; charset=utf-8
host: localhost:49259
accept: */*

Response DefaultHttpResponse(decodeResult: success, version: HTTP/1.1)
HTTP/1.1 200 OK
Content-Type: application/json; charset=utf-8
cache-control: no-cache
content-length: 14

[DEBUG] Adding key: http://localhost:49259 for channel [id: 0x842d5a8b, L:/127.0.0.1:65347 - R:localhost/127.0.0.1:49259]
[DEBUG] Using pooled Channel '[id: 0x842d5a8b, L:/127.0.0.1:65347 - R:localhost/127.0.0.1:49259]' for 'POST' to 'http://localhost:49259/session/4b75630d2685d03e35eafc3d8fa04eef/element'
[DEBUG] Using open Channel [id: 0x842d5a8b, L:/127.0.0.1:65347 - R:localhost/127.0.0.1:49259] for POST '/session/4b75630d2685d03e35eafc3d8fa04eef/element'
[DEBUG] 

Request DefaultHttpRequest(decodeResult: success, version: HTTP/1.1)
POST /session/4b75630d2685d03e35eafc3d8fa04eef/element HTTP/1.1
User-Agent: selenium/4.2.1 (java windows)
Content-Length: 62
Content-Type: application/json; charset=utf-8
host: localhost:49259
accept: */*

Response DefaultHttpResponse(decodeResult: success, version: HTTP/1.1)
HTTP/1.1 200 OK
Content-Type: application/json; charset=utf-8
cache-control: no-cache
content-length: 88

[DEBUG] Adding key: http://localhost:49259 for channel [id: 0x842d5a8b, L:/127.0.0.1:65347 - R:localhost/127.0.0.1:49259]
[DEBUG] Using pooled Channel '[id: 0x842d5a8b, L:/127.0.0.1:65347 - R:localhost/127.0.0.1:49259]' for 'POST' to 'http://localhost:49259/session/4b75630d2685d03e35eafc3d8fa04eef/element/529f8cb0-f7f2-4af3-a3bb-4a2f7c35e9f2/value'
[DEBUG] Using open Channel [id: 0x842d5a8b, L:/127.0.0.1:65347 - R:localhost/127.0.0.1:49259] for POST '/session/4b75630d2685d03e35eafc3d8fa04eef/element/529f8cb0-f7f2-4af3-a3bb-4a2f7c35e9f2/value'
[DEBUG] 

Request DefaultHttpRequest(decodeResult: success, version: HTTP/1.1)
POST /session/4b75630d2685d03e35eafc3d8fa04eef/element/529f8cb0-f7f2-4af3-a3bb-4a2f7c35e9f2/value HTTP/1.1
User-Agent: selenium/4.2.1 (java windows)
Content-Length: 171
Content-Type: application/json; charset=utf-8
host: localhost:49259
accept: */*

Response DefaultHttpResponse(decodeResult: success, version: HTTP/1.1)
HTTP/1.1 200 OK
Content-Type: application/json; charset=utf-8
cache-control: no-cache
content-length: 14

[DEBUG] Adding key: http://localhost:49259 for channel [id: 0x842d5a8b, L:/127.0.0.1:65347 - R:localhost/127.0.0.1:49259]
[DEBUG] Using pooled Channel '[id: 0x842d5a8b, L:/127.0.0.1:65347 - R:localhost/127.0.0.1:49259]' for 'POST' to 'http://localhost:49259/session/4b75630d2685d03e35eafc3d8fa04eef/element'
[DEBUG] Using open Channel [id: 0x842d5a8b, L:/127.0.0.1:65347 - R:localhost/127.0.0.1:49259] for POST '/session/4b75630d2685d03e35eafc3d8fa04eef/element'
[DEBUG] 

Request DefaultHttpRequest(decodeResult: success, version: HTTP/1.1)
POST /session/4b75630d2685d03e35eafc3d8fa04eef/element HTTP/1.1
User-Agent: selenium/4.2.1 (java windows)
Content-Length: 83
Content-Type: application/json; charset=utf-8
host: localhost:49259
accept: */*

Response DefaultHttpResponse(decodeResult: success, version: HTTP/1.1)
HTTP/1.1 200 OK
Content-Type: application/json; charset=utf-8
cache-control: no-cache
content-length: 88

[DEBUG] Adding key: http://localhost:49259 for channel [id: 0x842d5a8b, L:/127.0.0.1:65347 - R:localhost/127.0.0.1:49259]
[DEBUG] Using pooled Channel '[id: 0x842d5a8b, L:/127.0.0.1:65347 - R:localhost/127.0.0.1:49259]' for 'POST' to 'http://localhost:49259/session/4b75630d2685d03e35eafc3d8fa04eef/element/daa7c362-b37c-4502-9b4c-845507708dc5/click'
[DEBUG] Using open Channel [id: 0x842d5a8b, L:/127.0.0.1:65347 - R:localhost/127.0.0.1:49259] for POST '/session/4b75630d2685d03e35eafc3d8fa04eef/element/daa7c362-b37c-4502-9b4c-845507708dc5/click'
[DEBUG] 

Request DefaultHttpRequest(decodeResult: success, version: HTTP/1.1)
POST /session/4b75630d2685d03e35eafc3d8fa04eef/element/daa7c362-b37c-4502-9b4c-845507708dc5/click HTTP/1.1
User-Agent: selenium/4.2.1 (java windows)
Content-Length: 50
Content-Type: application/json; charset=utf-8
host: localhost:49259
accept: */*

Response DefaultHttpResponse(decodeResult: success, version: HTTP/1.1)
HTTP/1.1 200 OK
Content-Type: application/json; charset=utf-8
cache-control: no-cache
content-length: 14

[DEBUG] Adding key: http://localhost:49259 for channel [id: 0x842d5a8b, L:/127.0.0.1:65347 - R:localhost/127.0.0.1:49259]
]]></system-out>
    <system-err><![CDATA[Starting ChromeDriver 110.0.5481.77 (65ed616c6e8ee3fe0ad64fe83796c020644d42af-refs/branch-heads/5481@{#839}) on port 49259
Only local connections are allowed.
Please see https://chromedriver.chromium.org/security-considerations for suggestions on keeping ChromeDriver safe.
ChromeDriver was started successfully.
[1677135263.449][WARNING]: virtual void DevToolsClientImpl::AddListener(DevToolsEventListener *) subscribing a listener to the already connected DevToolsClient. Connection notification will not arrive.
Feb 23, 2023 12:24:24 PM org.openqa.selenium.remote.ProtocolHandshake createSession
INFO: Detected upstream dialect: W3C
Feb 23, 2023 12:24:24 PM org.openqa.selenium.devtools.CdpVersionFinder findNearestMatch
WARNING: Unable to find an exact match for CDP version 110, so returning the closest version found: a no-op implementation
Feb 23, 2023 12:24:24 PM org.openqa.selenium.devtools.CdpVersionFinder findNearestMatch
INFO: Unable to find CDP implementation matching 110.
Feb 23, 2023 12:24:24 PM org.openqa.selenium.chromium.ChromiumDriver lambda$new$3
WARNING: Unable to find version of CDP to use for . You may need to include a dependency on a specific version of the CDP using something similar to `org.seleniumhq.selenium:selenium-devtools-v86:4.2.1` where the version ("v86") matches the version of the chromium-based browser you're using and the version number of the artifact is the same as Selenium's.
]]></system-err>
  </testcase>
</testsuite>