<?xml version="1.0" encoding="UTF-8"?>
<testng-results ignored="0" total="1" passed="1" failed="0" skipped="0">
  <reporter-output>
  </reporter-output>
  <suite started-at="2023-02-23T12:24:19 IST" name="Surefire suite" finished-at="2023-02-23T12:24:30 IST" duration-ms="10502">
    <groups>
      <group name="cucumber">
        <method signature="AbstractTestNGCucumberTests.runScenario(io.cucumber.testng.PickleWrapper,io.cucumber.testng.FeatureWrapper)[pri:0, instance:testRun.LoginRun@7adda9cc]" name="runScenario" class="io.cucumber.testng.AbstractTestNGCucumberTests"/>
      </group> <!-- cucumber -->
    </groups>
    <test started-at="2023-02-23T12:24:19 IST" name="Surefire test" finished-at="2023-02-23T12:24:30 IST" duration-ms="10502">
      <class name="testRun.LoginRun">
        <test-method is-config="true" signature="setUpClass(org.testng.ITestContext)[pri:0, instance:testRun.LoginRun@7adda9cc]" started-at="2023-02-23T12:24:19 IST" name="setUpClass" finished-at="2023-02-23T12:24:20 IST" duration-ms="728" status="PASS">
          <params>
            <param index="0">
              <value>
                <![CDATA[org.testng.TestRunner@4dad0eed]]>
              </value>
            </param>
          </params>
          <reporter-output>
          </reporter-output>
        </test-method> <!-- setUpClass -->
        <test-method signature="runScenario(io.cucumber.testng.PickleWrapper,io.cucumber.testng.FeatureWrapper)[pri:0, instance:testRun.LoginRun@7adda9cc]" started-at="2023-02-23T12:24:20 IST" name="runScenario" description="Runs Cucumber Scenarios" data-provider="scenarios" finished-at="2023-02-23T12:24:30 IST" duration-ms="9688" status="PASS">
          <params>
            <param index="0">
              <value>
                <![CDATA["Successfull Login Test with valid credentials"]]>
              </value>
            </param>
            <param index="1">
              <value>
                <![CDATA["Login Functionality"]]>
              </value>
            </param>
          </params>
          <reporter-output>
          </reporter-output>
        </test-method> <!-- runScenario -->
        <test-method is-config="true" signature="tearDownClass()[pri:0, instance:testRun.LoginRun@7adda9cc]" started-at="2023-02-23T12:24:30 IST" name="tearDownClass" finished-at="2023-02-23T12:24:30 IST" duration-ms="50" status="PASS">
          <reporter-output>
          </reporter-output>
        </test-method> <!-- tearDownClass -->
      </class> <!-- testRun.LoginRun -->
    </test> <!-- Surefire test -->
  </suite> <!-- Surefire suite -->
</testng-results>
